0 info it worked if it ends with ok
1 verbose cli [ '/usr/bin/node',
1 verbose cli   '/usr/bin/npm',
1 verbose cli   'install',
1 verbose cli   '-g',
1 verbose cli   'functional-javascript-workshop' ]
2 info using npm@1.4.28
3 info using node@v0.10.38
4 verbose node symlink /usr/bin/node
5 verbose cache add [ 'functional-javascript-workshop', null ]
6 verbose cache add name=undefined spec="functional-javascript-workshop" args=["functional-javascript-workshop",null]
7 verbose parsed url { protocol: null,
7 verbose parsed url   slashes: null,
7 verbose parsed url   auth: null,
7 verbose parsed url   host: null,
7 verbose parsed url   port: null,
7 verbose parsed url   hostname: null,
7 verbose parsed url   hash: null,
7 verbose parsed url   search: null,
7 verbose parsed url   query: null,
7 verbose parsed url   pathname: 'functional-javascript-workshop',
7 verbose parsed url   path: 'functional-javascript-workshop',
7 verbose parsed url   href: 'functional-javascript-workshop' }
8 silly lockFile 2f070ebf-functional-javascript-workshop functional-javascript-workshop
9 verbose lock functional-javascript-workshop /home/shaoke/.npm/2f070ebf-functional-javascript-workshop.lock
10 silly lockFile 2f070ebf-functional-javascript-workshop functional-javascript-workshop
11 silly lockFile 2f070ebf-functional-javascript-workshop functional-javascript-workshop
12 verbose addNamed [ 'functional-javascript-workshop', '' ]
13 verbose addNamed [ null, '*' ]
14 silly lockFile a0e8fb37-functional-javascript-workshop functional-javascript-workshop@
15 verbose lock functional-javascript-workshop@ /home/shaoke/.npm/a0e8fb37-functional-javascript-workshop.lock
16 silly addNameRange { name: 'functional-javascript-workshop',
16 silly addNameRange   range: '*',
16 silly addNameRange   hasData: false }
17 verbose request where is /functional-javascript-workshop
18 verbose request registry https://registry.npmjs.org/
19 verbose request id 8561715e823282bd
20 verbose url raw /functional-javascript-workshop
21 verbose url resolving [ 'https://registry.npmjs.org/',
21 verbose url resolving   './functional-javascript-workshop' ]
22 verbose url resolved https://registry.npmjs.org/functional-javascript-workshop
23 verbose request where is https://registry.npmjs.org/functional-javascript-workshop
24 info trying registry request attempt 1 at 13:41:22
25 http GET https://registry.npmjs.org/functional-javascript-workshop
26 http 200 https://registry.npmjs.org/functional-javascript-workshop
27 silly registry.get cb [ 200,
27 silly registry.get   { server: 'CouchDB/1.5.0 (Erlang OTP/R16B03)',
27 silly registry.get     etag: '"5IUPK6XWFBMZYP939LDJQZ464"',
27 silly registry.get     'content-type': 'application/json',
27 silly registry.get     'cache-control': 'max-age=60',
27 silly registry.get     'content-length': '30926',
27 silly registry.get     'accept-ranges': 'bytes',
27 silly registry.get     date: 'Mon, 04 May 2015 20:41:23 GMT',
27 silly registry.get     via: '1.1 varnish',
27 silly registry.get     age: '0',
27 silly registry.get     connection: 'keep-alive',
27 silly registry.get     'x-served-by': 'cache-lax1432-LAX',
27 silly registry.get     'x-cache': 'MISS',
27 silly registry.get     'x-cache-hits': '0',
27 silly registry.get     'x-timer': 'S1430772083.492694,VS0,VE85',
27 silly registry.get     vary: 'Accept' } ]
28 silly addNameRange number 2 { name: 'functional-javascript-workshop',
28 silly addNameRange   range: '*',
28 silly addNameRange   hasData: true }
29 silly addNameRange versions [ 'functional-javascript-workshop',
29 silly addNameRange   [ '0.0.0',
29 silly addNameRange     '0.0.1',
29 silly addNameRange     '0.0.2',
29 silly addNameRange     '0.0.4',
29 silly addNameRange     '0.0.7',
29 silly addNameRange     '0.0.8',
29 silly addNameRange     '0.0.9',
29 silly addNameRange     '0.0.10',
29 silly addNameRange     '0.0.11',
29 silly addNameRange     '0.0.12',
29 silly addNameRange     '0.0.13',
29 silly addNameRange     '0.0.14',
29 silly addNameRange     '0.0.15',
29 silly addNameRange     '0.0.17',
29 silly addNameRange     '0.0.18',
29 silly addNameRange     '0.0.19',
29 silly addNameRange     '0.0.20',
29 silly addNameRange     '0.0.21',
29 silly addNameRange     '0.0.22',
29 silly addNameRange     '0.0.23',
29 silly addNameRange     '0.0.24',
29 silly addNameRange     '0.0.25',
29 silly addNameRange     '0.0.26',
29 silly addNameRange     '0.0.27',
29 silly addNameRange     '0.0.28',
29 silly addNameRange     '1.0.0',
29 silly addNameRange     '1.0.1' ] ]
30 verbose addNamed [ 'functional-javascript-workshop', '1.0.1' ]
31 verbose addNamed [ '1.0.1', '1.0.1' ]
32 silly lockFile e06d0e23-tional-javascript-workshop-1-0-1 functional-javascript-workshop@1.0.1
33 verbose lock functional-javascript-workshop@1.0.1 /home/shaoke/.npm/e06d0e23-tional-javascript-workshop-1-0-1.lock
34 silly lockFile 6ae27485-al-javascript-workshop-1-0-1-tgz https://registry.npmjs.org/functional-javascript-workshop/-/functional-javascript-workshop-1.0.1.tgz
35 verbose lock https://registry.npmjs.org/functional-javascript-workshop/-/functional-javascript-workshop-1.0.1.tgz /home/shaoke/.npm/6ae27485-al-javascript-workshop-1-0-1-tgz.lock
36 verbose addRemoteTarball [ 'https://registry.npmjs.org/functional-javascript-workshop/-/functional-javascript-workshop-1.0.1.tgz',
36 verbose addRemoteTarball   'c0f3c1943dedcaa3a97bb870010429cf026a50dc' ]
37 info retry fetch attempt 1 at 13:41:22
38 verbose fetch to= /tmp/npm-15781-gO2LVU1S/registry.npmjs.org/functional-javascript-workshop/-/functional-javascript-workshop-1.0.1.tgz
39 http GET https://registry.npmjs.org/functional-javascript-workshop/-/functional-javascript-workshop-1.0.1.tgz
40 http 200 https://registry.npmjs.org/functional-javascript-workshop/-/functional-javascript-workshop-1.0.1.tgz
41 silly lockFile 6ae27485-al-javascript-workshop-1-0-1-tgz https://registry.npmjs.org/functional-javascript-workshop/-/functional-javascript-workshop-1.0.1.tgz
42 silly lockFile 6ae27485-al-javascript-workshop-1-0-1-tgz https://registry.npmjs.org/functional-javascript-workshop/-/functional-javascript-workshop-1.0.1.tgz
43 silly lockFile e06d0e23-tional-javascript-workshop-1-0-1 functional-javascript-workshop@1.0.1
44 silly lockFile e06d0e23-tional-javascript-workshop-1-0-1 functional-javascript-workshop@1.0.1
45 silly lockFile a0e8fb37-functional-javascript-workshop functional-javascript-workshop@
46 silly lockFile a0e8fb37-functional-javascript-workshop functional-javascript-workshop@
47 silly resolved [ { name: 'functional-javascript-workshop',
47 silly resolved     version: '1.0.1',
47 silly resolved     description: 'The basics of functional programming in JavaScript. No libraries required.',
47 silly resolved     main: 'index.js',
47 silly resolved     bin:
47 silly resolved      { 'functional-javascript': 'functional-javascript.js',
47 silly resolved        'functional-javascript-workshop': 'functional-javascript.js' },
47 silly resolved     scripts: {},
47 silly resolved     keywords: [ 'workshopper', 'tutorial', 'lesson' ],
47 silly resolved     author: { name: 'Tim Oxley' },
47 silly resolved     license: 'MIT',
47 silly resolved     dependencies:
47 silly resolved      { 'deep-eql': '^0.1.3',
47 silly resolved        'lorem-ipsum': '^1.0.1',
47 silly resolved        workshopper: '^2.3.1',
47 silly resolved        'workshopper-exercise': '^2.3.0' },
47 silly resolved     repository:
47 silly resolved      { type: 'git',
47 silly resolved        url: 'git+https://github.com/timoxley/functional-javascript-workshop.git' },
47 silly resolved     bugs: { url: 'https://github.com/timoxley/functional-javascript-workshop/issues' },
47 silly resolved     homepage: 'https://github.com/timoxley/functional-javascript-workshop',
47 silly resolved     gitHead: '9beadbb1bea9f8a75b71df31300b311bce23b588',
47 silly resolved     _id: 'functional-javascript-workshop@1.0.1',
47 silly resolved     _shasum: 'c0f3c1943dedcaa3a97bb870010429cf026a50dc',
47 silly resolved     _from: 'functional-javascript-workshop@',
47 silly resolved     _npmVersion: '2.8.3',
47 silly resolved     _nodeVersion: '0.12.2',
47 silly resolved     _npmUser: { name: 'timoxley', email: 'secoif@gmail.com' },
47 silly resolved     maintainers: [ [Object] ],
47 silly resolved     dist:
47 silly resolved      { shasum: 'c0f3c1943dedcaa3a97bb870010429cf026a50dc',
47 silly resolved        tarball: 'http://registry.npmjs.org/functional-javascript-workshop/-/functional-javascript-workshop-1.0.1.tgz' },
47 silly resolved     directories: {},
47 silly resolved     _resolved: 'https://registry.npmjs.org/functional-javascript-workshop/-/functional-javascript-workshop-1.0.1.tgz' } ]
48 info install functional-javascript-workshop@1.0.1 into /usr/lib
49 info installOne functional-javascript-workshop@1.0.1
50 verbose lib/node_modules/functional-javascript-workshop unbuild
51 verbose tar unpack /home/shaoke/.npm/functional-javascript-workshop/1.0.1/package.tgz
52 silly lockFile 1396172f-s-functional-javascript-workshop tar:///usr/lib/node_modules/functional-javascript-workshop
53 verbose lock tar:///usr/lib/node_modules/functional-javascript-workshop /home/shaoke/.npm/1396172f-s-functional-javascript-workshop.lock
54 silly lockFile 8bb2040b-cript-workshop-1-0-1-package-tgz tar:///home/shaoke/.npm/functional-javascript-workshop/1.0.1/package.tgz
55 verbose lock tar:///home/shaoke/.npm/functional-javascript-workshop/1.0.1/package.tgz /home/shaoke/.npm/8bb2040b-cript-workshop-1-0-1-package-tgz.lock
56 silly gunzTarPerm modes [ '775', '664' ]
57 error Error: EACCES, mkdir '/usr/lib/node_modules/functional-javascript-workshop'
57 error  { [Error: EACCES, mkdir '/usr/lib/node_modules/functional-javascript-workshop']
57 error   errno: 3,
57 error   code: 'EACCES',
57 error   path: '/usr/lib/node_modules/functional-javascript-workshop',
57 error   fstream_type: 'Directory',
57 error   fstream_path: '/usr/lib/node_modules/functional-javascript-workshop',
57 error   fstream_class: 'DirWriter',
57 error   fstream_stack:
57 error    [ '/usr/lib/node_modules/npm/node_modules/fstream/lib/dir-writer.js:36:23',
57 error      '/usr/lib/node_modules/npm/node_modules/mkdirp/index.js:46:53',
57 error      'Object.oncomplete (fs.js:108:15)' ] }
58 error Please try running this command again as root/Administrator.
59 error System Linux 3.13.0-48-generic
60 error command "/usr/bin/node" "/usr/bin/npm" "install" "-g" "functional-javascript-workshop"
61 error cwd /media/psf/shaoke/SK/Github/mine/examples/nodejs/helloworld
62 error node -v v0.10.38
63 error npm -v 1.4.28
64 error path /usr/lib/node_modules/functional-javascript-workshop
65 error fstream_path /usr/lib/node_modules/functional-javascript-workshop
66 error fstream_type Directory
67 error fstream_class DirWriter
68 error code EACCES
69 error errno 3
70 error stack Error: EACCES, mkdir '/usr/lib/node_modules/functional-javascript-workshop'
71 error fstream_stack /usr/lib/node_modules/npm/node_modules/fstream/lib/dir-writer.js:36:23
71 error fstream_stack /usr/lib/node_modules/npm/node_modules/mkdirp/index.js:46:53
71 error fstream_stack Object.oncomplete (fs.js:108:15)
72 verbose exit [ 3, true ]
