0 info it worked if it ends with ok
1 verbose cli [ '/opt/iojs/bin/iojs', '/usr/local/bin/npm', 'install' ]
2 info using npm@2.11.1
3 info using node@v2.3.0
4 verbose readDependencies loading dependencies from /media/psf/shaoke/package.json
5 error install Couldn't read dependencies
6 verbose stack Error: ENOENT: no such file or directory, open '/media/psf/shaoke/package.json'
6 verbose stack     at Error (native)
7 verbose cwd /media/psf/shaoke/SK/Github/mine/examples/hapi
8 error Linux 3.13.0-55-generic
9 error argv "/opt/iojs/bin/iojs" "/usr/local/bin/npm" "install"
10 error node v2.3.0
11 error npm  v2.11.1
12 error path /media/psf/shaoke/package.json
13 error code ENOPACKAGEJSON
14 error errno -2
15 error syscall open
16 error package.json ENOENT: no such file or directory, open '/media/psf/shaoke/package.json'
16 error package.json This is most likely not a problem with npm itself.
16 error package.json npm can't find a package.json file in your current directory.
17 verbose exit [ -2, true ]
